Starting blog generation for: Boost your Email Marketing Productivity with the help of these 5 AI Tools.
Starting blog generation for: Boost your Email Marketing Productivity with the help of these 5 AI Tools.
Starting blog generation for: Boost your Email Marketing Productivity with the help of these 5 AI Tools.
Starting blog generation for: Boost your Email Marketing Productivity with the help of these 5 AI Tools.
Starting blog generation for: Boost your Email marketing productivity by using these 5 AI Tools.
Document saved to: /Users/sanketpatel/Desktop/NetopDigital/Content_Generation_Automation/django_blog_generator/media/generated_blogs/blog_post_20250923_113502_Boost_your_Email_marketing_pro.docx
Starting blog generation for: Best AI Tools for Email marketing 2025
Document saved to: /Users/sanketpatel/Desktop/NetopDigital/Content_Generation_Automation/django_blog_generator/media/generated_blogs/blog_post_20250923_162209_Best_AI_Tools_for_Email_market.docx
Starting blog generation for: Top AI Tools for SEO in 2025
Optional parameters - Secondary keywords: , Outline: None, Length: 1000
Document saved to: /Users/sanketpatel/Desktop/NetopDigital/Content_Generation_Automation/django_blog_generator/media/generated_blogs/blog_post_20250924_092236_Top_AI_Tools_for_SEO_in_2025.docx
Starting blog generation for: Top 5 AI Tools for Coding.
Optional parameters - Secondary keywords: , Outline: None, Length: None
Error in blog generation: signal only works in main thread of the main interpreter
Starting blog generation for: Top 5 AI Tools for Coding.
Optional parameters - Secondary keywords: , Outline: None, Length: None
Document saved to: /Users/sanketpatel/Desktop/NetopDigital/Content_Generation_Automation/django_blog_generator/media/generated_blogs/blog_post_20250926_092615_Top_5_AI_Tools_for_Coding.docx
Starting blog generation for: Top 5 AI Tools for Coding.
Optional parameters - Secondary keywords: , Outline: None, Length: None
Document saved to: /Users/sanketpatel/Desktop/NetopDigital/Content_Generation_Automation/django_blog_generator/media/generated_blogs/blog_post_20250926_092744_Top_5_AI_Tools_for_Coding.docx
Starting blog generation for: Top 5 AI Tools for Coding.
Number of competitors to analyze: 3
Optional parameters - Secondary keywords: , Outline: None, Length: None
Using full competitor analysis workflow
Document saved to: /Users/sanketpatel/Desktop/NetopDigital/Content_Generation_Automation/django_blog_generator/media/generated_blogs/blog_post_20250926_093044_Top_5_AI_Tools_for_Coding.docx
